(standard input):1875:11-22 11:04:22.038   933   947 I ActivityManager: Force stopping com.android.todolist appid=10198 user=-1: deletePackageX
(standard input):1876:11-22 11:04:22.038   933   947 I ActivityManager: Killing 7479:com.android.todolist/u0a198 (adj 901): stop com.android.todolist
(standard input):1877:11-22 11:04:22.044   933   947 I ActivityManager:   Force finishing activity ActivityRecord{de18b2d u0 com.android.todolist/.MainActivity t13}
(standard input):1881:11-22 11:04:22.613   933   974 I ActivityManager: Force stopping com.android.todolist appid=10198 user=0: pkg removed
(standard input):1882:11-22 11:04:22.666   933   947 W BroadcastQueue: Background execution not allowed: receiving Intent { act=android.intent.action.PACKAGE_REMOVED dat=package:com.android.todolist flg=0x4000010 (has extras) } to com.android.musicfx/.Compatibility$Receiver
(standard input):1883:11-22 11:04:22.666   933   947 W BroadcastQueue: Background execution not allowed: receiving Intent { act=android.intent.action.PACKAGE_REMOVED dat=package:com.android.todolist flg=0x4000010 (has extras) } to com.android.vending/com.google.android.finsky.packagemanager.impl.PackageMonitorReceiverImpl$RegisteredReceiver
(standard input):1884:11-22 11:04:22.667   933   947 W BroadcastQueue: Background execution not allowed: receiving Intent { act=android.intent.action.PACKAGE_REMOVED dat=package:com.android.todolist flg=0x4000010 (has extras) } to com.android.vending/com.google.android.finsky.instantapps.appmanagement.InstantAppRemoveMonitor
(standard input):1885:11-22 11:04:22.674   933   947 W BroadcastQueue: Background execution not allowed: receiving Intent { act=android.intent.action.PACKAGE_REMOVED dat=package:com.android.todolist flg=0x4000010 (has extras) } to com.google.android.apps.photos/com.google.android.libraries.social.peoplekit.thirdparty.viewcontrollers.ThirdPartyReceiver
(standard input):1886:11-22 11:04:22.678   933   947 W BroadcastQueue: Background execution not allowed: receiving Intent { act=android.intent.action.PACKAGE_REMOVED dat=package:com.android.todolist flg=0x4000010 (has extras) } to com.google.android.gms/.games.chimera.GamesSystemBroadcastReceiverProxy
(standard input):1887:11-22 11:04:22.679   933   947 W BroadcastQueue: Background execution not allowed: receiving Intent { act=android.intent.action.PACKAGE_REMOVED dat=package:com.android.todolist flg=0x4000010 (has extras) } to com.google.android.gms/.chimera.GmsIntentOperationService$PersistentTrustedReceiver
(standard input):1902:11-22 11:04:22.917   933  1146 W BroadcastQueue: Background execution not allowed: receiving Intent { act=android.intent.action.PACKAGE_REMOVED dat=package:com.android.todolist flg=0x4000010 (has extras) } to com.sonyericsson.updatecenter/.update.ApplicationRemovedReceiver
(standard input):1903:11-22 11:04:22.930   933  9829 W BroadcastQueue: Background execution not allowed: receiving Intent { act=android.intent.action.PACKAGE_REMOVED dat=package:com.android.todolist flg=0x4000010 (has extras) } to com.sonymobile.xperiaservices/.receiver.PackageReceiver
(standard input):1964:11-22 11:05:48.870   933   947 W BroadcastQueue: Background execution not allowed: receiving Intent { act=android.intent.action.PACKAGE_ADDED dat=package:com.android.todolist flg=0x4000010 (has extras) } to com.android.musicfx/.Compatibility$Receiver
(standard input):1969:11-22 11:05:49.136   933  4895 W BroadcastQueue: Background execution not allowed: receiving Intent { act=android.intent.action.PACKAGE_ADDED dat=package:com.android.todolist flg=0x4000010 (has extras) } to com.android.vending/com.google.android.finsky.packagemanager.impl.PackageMonitorReceiverImpl$RegisteredReceiver
(standard input):1970:11-22 11:05:49.166   933  4895 W BroadcastQueue: Background execution not allowed: receiving Intent { act=android.intent.action.PACKAGE_ADDED dat=package:com.android.todolist flg=0x4000010 (has extras) } to com.google.android.gms/.games.chimera.GamesSystemBroadcastReceiverProxy
(standard input):1971:11-22 11:05:49.173   933   947 W BroadcastQueue: Background execution not allowed: receiving Intent { act=android.intent.action.PACKAGE_ADDED dat=package:com.android.todolist flg=0x4000010 (has extras) } to com.google.android.gms/.gass.chimera.PackageChangeBroadcastReceiver
(standard input):1972:11-22 11:05:49.176   933   947 W BroadcastQueue: Background execution not allowed: receiving Intent { act=android.intent.action.PACKAGE_ADDED dat=package:com.android.todolist flg=0x4000010 (has extras) } to com.google.android.gms/.chimera.GmsIntentOperationService$PersistentTrustedReceiver
(standard input):1973:11-22 11:05:49.177   933   947 W BroadcastQueue: Background execution not allowed: receiving Intent { act=android.intent.action.PACKAGE_ADDED dat=package:com.android.todolist flg=0x4000010 (has extras) } to com.sonyericsson.updatecenter/.update.ApplicationInstalledReceiver
(standard input):2033:11-22 11:07:04.376   933  2325 I ActivityManager: START u0 {act=android.intent.action.MAIN cat=[android.intent.category.LAUNCHER] flg=0x10200000 cmp=com.android.todolist/.MainActivity bnds=[430,330][569,537]} from uid 10082
(standard input):2035:11-22 11:07:04.419   933  2325 I ActivityManager: Start proc 12153:com.android.todolist/u0a199 for activity com.android.todolist/.MainActivity
(standard input):2036:11-22 11:07:04.958   933  1441 I WindowManager: Relayout Window{d734e4 u0 com.android.todolist/com.android.todolist.MainActivity}: oldVis=4 newVis=0 focusMayChange = true
(standard input):2038:11-22 11:07:08.260   933   960 I WindowManager: Losing delayed focus: Window{d734e4 u0 com.android.todolist/com.android.todolist.MainActivity}
(standard input):2057:11-22 11:07:32.495   933   960 I WindowManager: Losing delayed focus: Window{d734e4 u0 com.android.todolist/com.android.todolist.MainActivity}
(standard input):2065:11-22 11:07:41.415   933  1480 I NotificationService: enqueueToast pkg=com.android.todolist callback=android.app.ITransientNotification$Stub$Proxy@ed47dbe duration=0
(standard input):2066:11-22 11:07:41.419   933  1480 I ActivityManager: START u0 {cmp=com.android.todolist/.ListActivity (has extras)} from uid 10199
(standard input):2067:11-22 11:07:41.663   933  1480 I WindowManager: Relayout Window{10f3217 u0 com.android.todolist/com.android.todolist.ListActivity}: oldVis=4 newVis=0 focusMayChange = true
(standard input):2068:11-22 11:07:43.390   933  1480 I ActivityManager: START u0 {cmp=com.android.todolist/.MainActivity} from uid 10199
(standard input):2071:11-22 11:07:43.594   933  1480 I WindowManager: Relayout Window{403365d u0 com.android.todolist/com.android.todolist.MainActivity}: oldVis=4 newVis=0 focusMayChange = true
(standard input):2072:11-22 11:07:45.036   933   960 I WindowManager: Losing delayed focus: Window{403365d u0 com.android.todolist/com.android.todolist.MainActivity}
(standard input):2238:11-22 11:13:12.031  1843  1852 I GasService: GAS loop :com.android.todolist, pid:12153.
(standard input):2260:11-22 11:13:14.033  1843  1852 I GasService: GAS loop :com.android.todolist, pid:12153.
(standard input):2275:11-22 11:13:16.035  1843  1852 I GasService: GAS loop :com.android.todolist, pid:12153.
(standard input):2289:11-22 11:13:18.037  1843  1852 I GasService: GAS loop :com.android.todolist, pid:12153.
(standard input):2304:11-22 11:13:20.039  1843  1852 I GasService: GAS loop :com.android.todolist, pid:12153.
(standard input):2318:11-22 11:13:22.041  1843  1852 I GasService: GAS loop :com.android.todolist, pid:12153.
(standard input):2334:11-22 11:13:24.043  1843  1852 I GasService: GAS loop :com.android.todolist, pid:12153.
(standard input):2354:11-22 11:13:26.045  1843  1852 I GasService: GAS loop :com.android.todolist, pid:12153.
(standard input):2372:11-22 11:13:28.047  1843  1852 I GasService: GAS loop :com.android.todolist, pid:12153.
(standard input):2387:11-22 11:13:30.049  1843  1852 I GasService: GAS loop :com.android.todolist, pid:12153.
(standard input):2401:11-22 11:13:32.051  1843  1852 I GasService: GAS loop :com.android.todolist, pid:12153.
(standard input):2421:11-22 11:13:34.054  1843  1852 I GasService: GAS loop :com.android.todolist, pid:12153.
(standard input):2434:11-22 11:13:36.056  1843  1852 I GasService: GAS loop :com.android.todolist, pid:12153.
(standard input):2449:11-22 11:13:38.058  1843  1852 I GasService: GAS loop :com.android.todolist, pid:12153.
(standard input):2465:11-22 11:13:40.060  1843  1852 I GasService: GAS loop :com.android.todolist, pid:12153.
(standard input):2478:11-22 11:13:42.062  1843  1852 I GasService: GAS loop :com.android.todolist, pid:12153.
(standard input):2495:11-22 11:13:44.064  1843  1852 I GasService: GAS loop :com.android.todolist, pid:12153.
(standard input):2509:11-22 11:13:46.066  1843  1852 I GasService: GAS loop :com.android.todolist, pid:12153.
(standard input):2522:11-22 11:13:48.068  1843  1852 I GasService: GAS loop :com.android.todolist, pid:12153.
(standard input):2538:11-22 11:13:50.070  1843  1852 I GasService: GAS loop :com.android.todolist, pid:12153.
(standard input):2554:11-22 11:13:52.072  1843  1852 I GasService: GAS loop :com.android.todolist, pid:12153.
(standard input):2570:11-22 11:13:53.445   422   422 I SurfaceFlinger: screenshot (com.android.todolist/com.android.todolist.MainActivity#0)
(standard input):2598:11-22 11:13:54.074  1843  1852 I GasService: GAS loop :com.android.todolist, pid:12153.
(standard input):2616:11-22 11:13:56.076  1843  1852 I GasService: GAS loop :com.android.todolist, pid:12153.
(standard input):2631:11-22 11:13:58.078  1843  1852 I GasService: GAS loop :com.android.todolist, pid:12153.
(standard input):2647:11-22 11:14:00.080  1843  1852 I GasService: GAS loop :com.android.todolist, pid:12153.
(standard input):2664:11-22 11:14:02.082  1843  1852 I GasService: GAS loop :com.android.todolist, pid:12153.
(standard input):2681:11-22 11:14:04.083  1843  1852 I GasService: GAS loop :com.android.todolist, pid:12153.
(standard input):2698:11-22 11:14:06.086  1843  1852 I GasService: GAS loop :com.android.todolist, pid:12153.
(standard input):2715:11-22 11:14:08.088  1843  1852 I GasService: GAS loop :com.android.todolist, pid:12153.
(standard input):2731:11-22 11:14:10.090  1843  1852 I GasService: GAS loop :com.android.todolist, pid:12153.
(standard input):2744:11-22 11:14:12.092  1843  1852 I GasService: GAS loop :com.android.todolist, pid:12153.
(standard input):2768:11-22 11:14:14.094  1843  1852 I GasService: GAS loop :com.android.todolist, pid:12153.
(standard input):2783:11-22 11:14:16.096  1843  1852 I GasService: GAS loop :com.android.todolist, pid:12153.
(standard input):2801:11-22 11:14:18.098  1843  1852 I GasService: GAS loop :com.android.todolist, pid:12153.
(standard input):2817:11-22 11:14:20.100  1843  1852 I GasService: GAS loop :com.android.todolist, pid:12153.
(standard input):2831:11-22 11:14:22.102  1843  1852 I GasService: GAS loop :com.android.todolist, pid:12153.
(standard input):2849:11-22 11:14:24.104  1843  1852 I GasService: GAS loop :com.android.todolist, pid:12153.
(standard input):2868:11-22 11:14:26.106  1843  1852 I GasService: GAS loop :com.android.todolist, pid:12153.
(standard input):2883:11-22 11:14:28.108  1843  1852 I GasService: GAS loop :com.android.todolist, pid:12153.
(standard input):2898:11-22 11:14:30.111  1843  1852 I GasService: GAS loop :com.android.todolist, pid:12153.
(standard input):2912:11-22 11:14:32.112  1843  1852 I GasService: GAS loop :com.android.todolist, pid:12153.
(standard input):2935:11-22 11:14:34.115  1843  1852 I GasService: GAS loop :com.android.todolist, pid:12153.
(standard input):2948:11-22 11:14:36.117  1843  1852 I GasService: GAS loop :com.android.todolist, pid:12153.
(standard input):2963:11-22 11:14:38.119  1843  1852 I GasService: GAS loop :com.android.todolist, pid:12153.
(standard input):2979:11-22 11:14:40.121  1843  1852 I GasService: GAS loop :com.android.todolist, pid:12153.
(standard input):2992:11-22 11:14:42.123  1843  1852 I GasService: GAS loop :com.android.todolist, pid:12153.
(standard input):3009:11-22 11:14:44.125  1843  1852 I GasService: GAS loop :com.android.todolist, pid:12153.
(standard input):3023:11-22 11:14:46.128  1843  1852 I GasService: GAS loop :com.android.todolist, pid:12153.
(standard input):3036:11-22 11:14:48.130  1843  1852 I GasService: GAS loop :com.android.todolist, pid:12153.
(standard input):3052:11-22 11:14:50.132  1843  1852 I GasService: GAS loop :com.android.todolist, pid:12153.
(standard input):3066:11-22 11:14:52.134  1843  1852 I GasService: GAS loop :com.android.todolist, pid:12153.
(standard input):3087:11-22 11:14:54.136  1843  1852 I GasService: GAS loop :com.android.todolist, pid:12153.
(standard input):3107:11-22 11:14:56.138  1843  1852 I GasService: GAS loop :com.android.todolist, pid:12153.
(standard input):3122:11-22 11:14:58.140  1843  1852 I GasService: GAS loop :com.android.todolist, pid:12153.
(standard input):3140:11-22 11:15:00.141  1843  1852 I GasService: GAS loop :com.android.todolist, pid:12153.
(standard input):3155:11-22 11:15:02.143  1843  1852 I GasService: GAS loop :com.android.todolist, pid:12153.
(standard input):3170:11-22 11:15:04.145  1843  1852 I GasService: GAS loop :com.android.todolist, pid:12153.
(standard input):3186:11-22 11:15:06.147  1843  1852 I GasService: GAS loop :com.android.todolist, pid:12153.
(standard input):3200:11-22 11:15:08.149  1843  1852 I GasService: GAS loop :com.android.todolist, pid:12153.
(standard input):3216:11-22 11:15:10.152  1843  1852 I GasService: GAS loop :com.android.todolist, pid:12153.
(standard input):3229:11-22 11:15:12.154  1843  1852 I GasService: GAS loop :com.android.todolist, pid:12153.
(standard input):3252:11-22 11:15:14.156  1843  1852 I GasService: GAS loop :com.android.todolist, pid:12153.
(standard input):3267:11-22 11:15:16.158  1843  1852 I GasService: GAS loop :com.android.todolist, pid:12153.
(standard input):3280:11-22 11:15:18.160  1843  1852 I GasService: GAS loop :com.android.todolist, pid:12153.
(standard input):3297:11-22 11:15:20.162  1843  1852 I GasService: GAS loop :com.android.todolist, pid:12153.
(standard input):3311:11-22 11:15:22.164  1843  1852 I GasService: GAS loop :com.android.todolist, pid:12153.
(standard input):3325:11-22 11:15:24.166  1843  1852 I GasService: GAS loop :com.android.todolist, pid:12153.
(standard input):3344:11-22 11:15:26.168  1843  1852 I GasService: GAS loop :com.android.todolist, pid:12153.
(standard input):3359:11-22 11:15:28.170  1843  1852 I GasService: GAS loop :com.android.todolist, pid:12153.
(standard input):3374:11-22 11:15:30.172  1843  1852 I GasService: GAS loop :com.android.todolist, pid:12153.
(standard input):3388:11-22 11:15:32.174  1843  1852 I GasService: GAS loop :com.android.todolist, pid:12153.
(standard input):3408:11-22 11:15:34.176  1843  1852 I GasService: GAS loop :com.android.todolist, pid:12153.
(standard input):3421:11-22 11:15:36.178  1843  1852 I GasService: GAS loop :com.android.todolist, pid:12153.
(standard input):3437:11-22 11:15:38.181  1843  1852 I GasService: GAS loop :com.android.todolist, pid:12153.
(standard input):3454:11-22 11:15:40.183  1843  1852 I GasService: GAS loop :com.android.todolist, pid:12153.
(standard input):3467:11-22 11:15:42.186  1843  1852 I GasService: GAS loop :com.android.todolist, pid:12153.
(standard input):3484:11-22 11:15:44.188  1843  1852 I GasService: GAS loop :com.android.todolist, pid:12153.
(standard input):3500:11-22 11:15:46.190  1843  1852 I GasService: GAS loop :com.android.todolist, pid:12153.
(standard input):3514:11-22 11:15:48.192  1843  1852 I GasService: GAS loop :com.android.todolist, pid:12153.
(standard input):3530:11-22 11:15:50.195  1843  1852 I GasService: GAS loop :com.android.todolist, pid:12153.
(standard input):3546:11-22 11:15:52.197  1843  1852 I GasService: GAS loop :com.android.todolist, pid:12153.
(standard input):3564:11-22 11:15:54.199  1843  1852 I GasService: GAS loop :com.android.todolist, pid:12153.
(standard input):3584:11-22 11:15:56.205  1843  1852 I GasService: GAS loop :com.android.todolist, pid:12153.
(standard input):3600:11-22 11:15:58.207  1843  1852 I GasService: GAS loop :com.android.todolist, pid:12153.
(standard input):3619:11-22 11:16:00.209  1843  1852 I GasService: GAS loop :com.android.todolist, pid:12153.
(standard input):3634:11-22 11:16:02.211  1843  1852 I GasService: GAS loop :com.android.todolist, pid:12153.
(standard input):3649:11-22 11:16:04.213  1843  1852 I GasService: GAS loop :com.android.todolist, pid:12153.
(standard input):3665:11-22 11:16:06.215  1843  1852 I GasService: GAS loop :com.android.todolist, pid:12153.
(standard input):3694:11-22 11:16:08.217  1843  1852 I GasService: GAS loop :com.android.todolist, pid:12153.
(standard input):3712:11-22 11:16:10.219  1843  1852 I GasService: GAS loop :com.android.todolist, pid:12153.
(standard input):3725:11-22 11:16:12.221  1843  1852 I GasService: GAS loop :com.android.todolist, pid:12153.
(standard input):3747:11-22 11:16:14.223  1843  1852 I GasService: GAS loop :com.android.todolist, pid:12153.
(standard input):3763:11-22 11:16:16.226  1843  1852 I GasService: GAS loop :com.android.todolist, pid:12153.
(standard input):3776:11-22 11:16:18.228  1843  1852 I GasService: GAS loop :com.android.todolist, pid:12153.
(standard input):3792:11-22 11:16:20.230  1843  1852 I GasService: GAS loop :com.android.todolist, pid:12153.
(standard input):3806:11-22 11:16:22.232  1843  1852 I GasService: GAS loop :com.android.todolist, pid:12153.
(standard input):3820:11-22 11:16:24.234  1843  1852 I GasService: GAS loop :com.android.todolist, pid:12153.
(standard input):3840:11-22 11:16:26.236  1843  1852 I GasService: GAS loop :com.android.todolist, pid:12153.
(standard input):3854:11-22 11:16:28.237  1843  1852 I GasService: GAS loop :com.android.todolist, pid:12153.
(standard input):3869:11-22 11:16:30.240  1843  1852 I GasService: GAS loop :com.android.todolist, pid:12153.
(standard input):3883:11-22 11:16:32.242  1843  1852 I GasService: GAS loop :com.android.todolist, pid:12153.
(standard input):3904:11-22 11:16:34.243  1843  1852 I GasService: GAS loop :com.android.todolist, pid:12153.
(standard input):3917:11-22 11:16:36.245  1843  1852 I GasService: GAS loop :com.android.todolist, pid:12153.
(standard input):3932:11-22 11:16:38.247  1843  1852 I GasService: GAS loop :com.android.todolist, pid:12153.
(standard input):3948:11-22 11:16:40.250  1843  1852 I GasService: GAS loop :com.android.todolist, pid:12153.
(standard input):3961:11-22 11:16:42.251  1843  1852 I GasService: GAS loop :com.android.todolist, pid:12153.
(standard input):3978:11-22 11:16:44.254  1843  1852 I GasService: GAS loop :com.android.todolist, pid:12153.
(standard input):3994:11-22 11:16:46.256  1843  1852 I GasService: GAS loop :com.android.todolist, pid:12153.
(standard input):4007:11-22 11:16:48.258  1843  1852 I GasService: GAS loop :com.android.todolist, pid:12153.
(standard input):4027:11-22 11:16:50.260  1843  1852 I GasService: GAS loop :com.android.todolist, pid:12153.
(standard input):4044:11-22 11:16:52.262  1843  1852 I GasService: GAS loop :com.android.todolist, pid:12153.
(standard input):4062:11-22 11:16:54.265  1843  1852 I GasService: GAS loop :com.android.todolist, pid:12153.
(standard input):4082:11-22 11:16:56.268  1843  1852 I GasService: GAS loop :com.android.todolist, pid:12153.
(standard input):4098:11-22 11:16:58.271  1843  1852 I GasService: GAS loop :com.android.todolist, pid:12153.
(standard input):4117:11-22 11:17:00.275  1843  1852 I GasService: GAS loop :com.android.todolist, pid:12153.
(standard input):4132:11-22 11:17:02.278  1843  1852 I GasService: GAS loop :com.android.todolist, pid:12153.
(standard input):4147:11-22 11:17:04.280  1843  1852 I GasService: GAS loop :com.android.todolist, pid:12153.
(standard input):4161:11-22 11:17:06.284  1843  1852 I GasService: GAS loop :com.android.todolist, pid:12153.
(standard input):4175:11-22 11:17:08.286  1843  1852 I GasService: GAS loop :com.android.todolist, pid:12153.
(standard input):4191:11-22 11:17:10.289  1843  1852 I GasService: GAS loop :com.android.todolist, pid:12153.
(standard input):4204:11-22 11:17:12.292  1843  1852 I GasService: GAS loop :com.android.todolist, pid:12153.
(standard input):4227:11-22 11:17:14.294  1843  1852 I GasService: GAS loop :com.android.todolist, pid:12153.
(standard input):4243:11-22 11:17:16.297  1843  1852 I GasService: GAS loop :com.android.todolist, pid:12153.
(standard input):4256:11-22 11:17:18.299  1843  1852 I GasService: GAS loop :com.android.todolist, pid:12153.
(standard input):4272:11-22 11:17:20.301  1843  1852 I GasService: GAS loop :com.android.todolist, pid:12153.
(standard input):4286:11-22 11:17:22.304  1843  1852 I GasService: GAS loop :com.android.todolist, pid:12153.
(standard input):4312:11-22 11:17:24.308  1843  1852 I GasService: GAS loop :com.android.todolist, pid:12153.
(standard input):4330:11-22 11:17:26.311  1843  1852 I GasService: GAS loop :com.android.todolist, pid:12153.
(standard input):4344:11-22 11:17:28.313  1843  1852 I GasService: GAS loop :com.android.todolist, pid:12153.
(standard input):4359:11-22 11:17:30.316  1843  1852 I GasService: GAS loop :com.android.todolist, pid:12153.
(standard input):4373:11-22 11:17:32.318  1843  1852 I GasService: GAS loop :com.android.todolist, pid:12153.
(standard input):4394:11-22 11:17:34.321  1843  1852 I GasService: GAS loop :com.android.todolist, pid:12153.
(standard input):4407:11-22 11:17:36.324  1843  1852 I GasService: GAS loop :com.android.todolist, pid:12153.
(standard input):4422:11-22 11:17:38.327  1843  1852 I GasService: GAS loop :com.android.todolist, pid:12153.
(standard input):4438:11-22 11:17:40.330  1843  1852 I GasService: GAS loop :com.android.todolist, pid:12153.
(standard input):4452:11-22 11:17:42.332  1843  1852 I GasService: GAS loop :com.android.todolist, pid:12153.
(standard input):4469:11-22 11:17:44.334  1843  1852 I GasService: GAS loop :com.android.todolist, pid:12153.
(standard input):4483:11-22 11:17:46.335  1843  1852 I GasService: GAS loop :com.android.todolist, pid:12153.
(standard input):4496:11-22 11:17:48.337  1843  1852 I GasService: GAS loop :com.android.todolist, pid:12153.
(standard input):4512:11-22 11:17:50.340  1843  1852 I GasService: GAS loop :com.android.todolist, pid:12153.
(standard input):4526:11-22 11:17:52.341  1843  1852 I GasService: GAS loop :com.android.todolist, pid:12153.
(standard input):4544:11-22 11:17:54.344  1843  1852 I GasService: GAS loop :com.android.todolist, pid:12153.
(standard input):4562:11-22 11:17:56.345  1843  1852 I GasService: GAS loop :com.android.todolist, pid:12153.
(standard input):4579:11-22 11:17:58.347  1843  1852 I GasService: GAS loop :com.android.todolist, pid:12153.
(standard input):4599:11-22 11:18:00.349  1843  1852 I GasService: GAS loop :com.android.todolist, pid:12153.
(standard input):4614:11-22 11:18:02.351  1843  1852 I GasService: GAS loop :com.android.todolist, pid:12153.
(standard input):4631:11-22 11:18:04.353  1843  1852 I GasService: GAS loop :com.android.todolist, pid:12153.
(standard input):4644:11-22 11:18:06.355  1843  1852 I GasService: GAS loop :com.android.todolist, pid:12153.
(standard input):4658:11-22 11:18:08.357  1843  1852 I GasService: GAS loop :com.android.todolist, pid:12153.
(standard input):4674:11-22 11:18:10.359  1843  1852 I GasService: GAS loop :com.android.todolist, pid:12153.
(standard input):4687:11-22 11:18:12.361  1843  1852 I GasService: GAS loop :com.android.todolist, pid:12153.
(standard input):4711:11-22 11:18:14.364  1843  1852 I GasService: GAS loop :com.android.todolist, pid:12153.
(standard input):4725:11-22 11:18:16.365  1843  1852 I GasService: GAS loop :com.android.todolist, pid:12153.
(standard input):4740:11-22 11:18:18.367  1843  1852 I GasService: GAS loop :com.android.todolist, pid:12153.
(standard input):4757:11-22 11:18:20.370  1843  1852 I GasService: GAS loop :com.android.todolist, pid:12153.
(standard input):4771:11-22 11:18:22.372  1843  1852 I GasService: GAS loop :com.android.todolist, pid:12153.
(standard input):4785:11-22 11:18:24.374  1843  1852 I GasService: GAS loop :com.android.todolist, pid:12153.
(standard input):4807:11-22 11:18:26.376  1843  1852 I GasService: GAS loop :com.android.todolist, pid:12153.
(standard input):4821:11-22 11:18:28.379  1843  1852 I GasService: GAS loop :com.android.todolist, pid:12153.
(standard input):4836:11-22 11:18:30.381  1843  1852 I GasServ